2018-11-09 00:10:11,208 Airavata retrieved experiments for user krkamatg@iu.edu in gateway seagrid
2018-11-09 00:10:12,208 experiment details with expId: " + experimentId + " saved to experiment catalog
Experiment with ExpId: " + airavataExperimentId + " was submitted in gateway with gatewayID: " + gatewayId
Airavata retrieved experiment output for expID: " + airavataExperimentId



2018-11-09 00:10:15,208 [pool-24-thread-49] INFO  o.a.a.m.c.i.RabbitMQPublisher  - Creating the channel for thread pool-24-thread-49 org.apache.airavata.messaging.core.impl.RabbitMQPublisher@17a2ba79


2018-11-09 00:10:15,744 [pool-24-thread-49] INFO  o.a.a.m.c.i.RabbitMQPublisher  - Creating the channel for thread pool-24-thread-49 org.apache.airavata.messaging.core.impl.RabbitMQPublisher@733d09b2


2018-11-09 00:10:15,756 [pool-31-thread-5] INFO  o.a.a.m.c.i.ExperimentConsumer  -  Message Received with message id 'LAUNCH.EXP-79207c05-8f82-43cf-abda-5a662afd6535' and with message type 'EXPERIMENT'  for experimentId: Gaussian_on_Nov_8,_2018_7:08_PM_707ff593-2c6e-417b-9db8-edb713d7e9ea

----------------------------------------------------Launch Experiment-----------------------------------------------------------------------
2018-11-09 00:10:15,758 [pool-31-thread-5] INFO  o.a.a.o.s.OrchestratorServerHandler experiment_id=Gaussian_on_Nov_8,_2018_7:08_PM_707ff593-2c6e-417b-9db8-edb713d7e9ea, gateway_id=seagrid - Launching experiment with experimentId: Gaussian_on_Nov_8,_2018_7:08_PM_707ff593-2c6e-417b-9db8-edb713d7e9ea gateway Id: seagrid

2018-11-09 00:10:16,314 [pool-31-thread-5] WARN  o.a.a.o.c.u.OrchestratorUtils experiment_id=Gaussian_on_Nov_8,_2018_7:08_PM_707ff593-2c6e-417b-9db8-edb713d7e9ea, gateway_id=seagrid - Process compute resource scheduling doesn't have valid scratch location, using  gateway computer resource preference scratch location/oasis/scratch/comet/gridchem/temp_project/seagrid_workdirs
-----------------------------------------------------------------------------------------------------------------------------
2018-11-09 00:10:18,022 [pool-31-thread-5] INFO  o.a.a.o.c.i.SimpleOrchestratorImpl experiment_id=Gaussian_on_Nov_8,_2018_7:08_PM_707ff593-2c6e-417b-9db8-edb713d7e9ea, gateway_id=seagrid - Validation of org.apache.airavata.orchestrator.core.validator.impl.BatchQueueValidator is SUCCESSFUL

2018-11-09 00:10:18,023 [pool-31-thread-5] INFO  o.a.a.o.c.i.SimpleOrchestratorImpl experiment_id=Gaussian_on_Nov_8,_2018_7:08_PM_707ff593-2c6e-417b-9db8-edb713d7e9ea, gateway_id=seagrid - Validation of org.apache.airavata.orchestrator.core.validator.impl.ExperimentStatusValidator is SUCCESSFUL
-------------------------------------------------------------------------------------------------------------------------------

2018-11-09 00:10:18,093 [pool-31-thread-5] INFO  o.a.a.m.c.i.RabbitMQPublisher experiment_id=Gaussian_on_Nov_8,_2018_7:08_PM_707ff593-2c6e-417b-9db8-edb713d7e9ea, gateway_id=seagrid - Creating the channel for thread pool-31-thread-5 org.apache.airavata.messaging.core.impl.RabbitMQPublisher@181d02da

2018-11-09 00:10:18,099 [pool-31-thread-5] INFO  o.a.a.o.s.OrchestratorServerHandler experiment_id=Gaussian_on_Nov_8,_2018_7:08_PM_707ff593-2c6e-417b-9db8-edb713d7e9ea, gateway_id=seagrid - expId: Gaussian_on_Nov_8,_2018_7:08_PM_707ff593-2c6e-417b-9db8-edb713d7e9ea, Launched experiment
------------------------------------------------------------ (GFAC-Airvata Server)---------------------------------------------------------- 

2018-11-09 00:10:18,570 [pool-37-thread-2] INFO  o.a.a.m.c.i.RabbitMQPublisher experiment_id=Gaussian_on_Nov_8,_2018_7:08_PM_707ff593-2c6e-417b-9db8-edb713d7e9ea, gateway_id=seagrid - Creating the channel for thread pool-37-thread-2 org.apache.airavata.messaging.core.impl.RabbitMQPublisher@edcd0a6

2018-11-09 00:10:19,055 [pool-29-thread-6] INFO  o.a.a.o.s.OrchestratorServerHandler  - expId: Gaussian_on_Nov_8,_2018_7:08_PM_707ff593-2c6e-417b-9db8-edb713d7e9ea, processId: PROCESS_b1a8e8c8-ef73-43a2-a56a-25a31cbc476a :- Process status changed event received for status STARTED

2018-11-09 00:10:19,222 [pool-29-thread-6] INFO  o.a.a.m.c.i.RabbitMQPublisher  - Creating the channel for thread pool-29-thread-6 org.apache.airavata.messaging.core.impl.RabbitMQPublisher@181d02da



2018-11-09 00:10:19,228 [pool-29-thread-6] INFO  o.a.a.o.s.OrchestratorServerHandler  - expId : Gaussian_on_Nov_8,_2018_7:08_PM_707ff593-2c6e-417b-9db8-edb713d7e9ea :- Experiment status updated to EXECUTING

2018-11-09 00:10:20,002 [pool-29-thread-3] INFO  o.a.a.o.s.OrchestratorServerHandler  - expId: Gaussian_on_Nov_8,_2018_7:08_PM_707ff593-2c6e-417b-9db8-edb713d7e9ea, processId: PROCESS_b1a8e8c8-ef73-43a2-a56a-25a31cbc476a :- Process status changed event received for status CONFIGURING_WORKSPACE

2018-11-09 00:10:23,010 [pool-29-thread-4] INFO  o.a.a.o.s.OrchestratorServerHandler  - expId: Gaussian_on_Nov_8,_2018_7:08_PM_707ff593-2c6e-417b-9db8-edb713d7e9ea, processId: PROCESS_b1a8e8c8-ef73-43a2-a56a-25a31cbc476a :- Process status changed event received for status INPUT_DATA_STAGING

2018-11-09 00:10:25,168 [pool-29-thread-5] INFO  o.a.a.o.s.OrchestratorServerHandler  - expId: Gaussian_on_Nov_8,_2018_7:08_PM_707ff593-2c6e-417b-9db8-edb713d7e9ea, processId: PROCESS_b1a8e8c8-ef73-43a2-a56a-25a31cbc476a :- Process status changed event received for status EXECUTING

2018-11-09 00:12:31,388 [pool-29-thread-6] INFO  o.a.a.o.s.OrchestratorServerHandler  - expId: Gaussian_on_Nov_8,_2018_7:08_PM_707ff593-2c6e-417b-9db8-edb713d7e9ea, processId: PROCESS_b1a8e8c8-ef73-43a2-a56a-25a31cbc476a :- Process status changed event received for status OUTPUT_DATA_STAGING

2018-11-09 00:12:33,683 [pool-29-thread-3] INFO  o.a.a.o.s.OrchestratorServerHandler  - expId: Gaussian_on_Nov_8,_2018_7:08_PM_707ff593-2c6e-417b-9db8-edb713d7e9ea, processId: PROCESS_b1a8e8c8-ef73-43a2-a56a-25a31cbc476a :- Process status changed event received for status OUTPUT_DATA_STAGING

2018-11-09 00:12:35,377 [pool-29-thread-4] INFO  o.a.a.o.s.OrchestratorServerHandler  - expId: Gaussian_on_Nov_8,_2018_7:08_PM_707ff593-2c6e-417b-9db8-edb713d7e9ea, processId: PROCESS_b1a8e8c8-ef73-43a2-a56a-25a31cbc476a :- Process status changed event received for status OUTPUT_DATA_STAGING
2018-11-09 00:12:37,781 [pool-29-thread-5] INFO  o.a.a.o.s.OrchestratorServerHandler  - expId: Gaussian_on_Nov_8,_2018_7:08_PM_707ff593-2c6e-417b-9db8-edb713d7e9ea, processId: PROCESS_b1a8e8c8-ef73-43a2-a56a-25a31cbc476a :- Process status changed event received for status OUTPUT_DATA_STAGING
2018-11-09 00:12:39,944 [pool-29-thread-6] INFO  o.a.a.o.s.OrchestratorServerHandler  - expId: Gaussian_on_Nov_8,_2018_7:08_PM_707ff593-2c6e-417b-9db8-edb713d7e9ea, processId: PROCESS_b1a8e8c8-ef73-43a2-a56a-25a31cbc476a :- Process status changed event received for status OUTPUT_DATA_STAGING
2018-11-09 00:12:42,856 [pool-29-thread-3] INFO  o.a.a.o.s.OrchestratorServerHandler  - expId: Gaussian_on_Nov_8,_2018_7:08_PM_707ff593-2c6e-417b-9db8-edb713d7e9ea, processId: PROCESS_b1a8e8c8-ef73-43a2-a56a-25a31cbc476a :- Process status changed event received for status COMPLETED
2018-11-09 00:12:43,095 [pool-29-thread-3] INFO  o.a.a.o.s.OrchestratorServerHandler  - expId : Gaussian_on_Nov_8,_2018_7:08_PM_707ff593-2c6e-417b-9db8-edb713d7e9ea :- Experiment status updated to COMPLETED

